Determining if the pthread_create exist failed with the following output:
Change Dir: /home/ahhmed/Videos/Projects/opm/opm-simulators/CMakeFiles/CMakeTmp

Run Build Command:"/usr/bin/make" "cmTC_2cf0a/fast"
/usr/bin/make -f CMakeFiles/cmTC_2cf0a.dir/build.make CMakeFiles/cmTC_2cf0a.dir/build
make[1]: Entering directory '/home/ahhmed/Videos/Projects/opm/opm-simulators/CMakeFiles/CMakeTmp'
Building C object CMakeFiles/cmTC_2cf0a.dir/CheckSymbolExists.c.o
/usr/bin/cc   -std=c99    -o CMakeFiles/cmTC_2cf0a.dir/CheckSymbolExists.c.o   -c /home/ahhmed/Videos/Projects/opm/opm-simulators/CMakeFiles/CMakeTmp/CheckSymbolExists.c
Linking C executable cmTC_2cf0a
/usr/bin/cmake -E cmake_link_script CMakeFiles/cmTC_2cf0a.dir/link.txt --verbose=1
/usr/bin/cc -std=c99     CMakeFiles/cmTC_2cf0a.dir/CheckSymbolExists.c.o  -o cmTC_2cf0a 
CMakeFiles/cmTC_2cf0a.dir/CheckSymbolExists.c.o: In function `main':
CheckSymbolExists.c:(.text+0x1b): undefined reference to `pthread_create'
collect2: error: ld returned 1 exit status
CMakeFiles/cmTC_2cf0a.dir/build.make:97: recipe for target 'cmTC_2cf0a' failed
make[1]: *** [cmTC_2cf0a] Error 1
make[1]: Leaving directory '/home/ahhmed/Videos/Projects/opm/opm-simulators/CMakeFiles/CMakeTmp'
Makefile:126: recipe for target 'cmTC_2cf0a/fast' failed
make: *** [cmTC_2cf0a/fast] Error 2

File /home/ahhmed/Videos/Projects/opm/opm-simulators/CMakeFiles/CMakeTmp/CheckSymbolExists.c:
/* */
#include <pthread.h>

int main(int argc, char** argv)
{
  (void)argv;
#ifndef pthread_create
  return ((int*)(&pthread_create))[argc];
#else
  (void)argc;
  return 0;
#endif
}

Determining if the function pthread_create exists in the pthreads failed with the following output:
Change Dir: /home/ahhmed/Videos/Projects/opm/opm-simulators/CMakeFiles/CMakeTmp

Run Build Command:"/usr/bin/make" "cmTC_46a19/fast"
/usr/bin/make -f CMakeFiles/cmTC_46a19.dir/build.make CMakeFiles/cmTC_46a19.dir/build
make[1]: Entering directory '/home/ahhmed/Videos/Projects/opm/opm-simulators/CMakeFiles/CMakeTmp'
Building C object CMakeFiles/cmTC_46a19.dir/CheckFunctionExists.c.o
/usr/bin/cc   -std=c99 -DCHECK_FUNCTION_EXISTS=pthread_create   -o CMakeFiles/cmTC_46a19.dir/CheckFunctionExists.c.o   -c /usr/share/cmake-3.10/Modules/CheckFunctionExists.c
Linking C executable cmTC_46a19
/usr/bin/cmake -E cmake_link_script CMakeFiles/cmTC_46a19.dir/link.txt --verbose=1
/usr/bin/cc -std=c99 -DCHECK_FUNCTION_EXISTS=pthread_create    CMakeFiles/cmTC_46a19.dir/CheckFunctionExists.c.o  -o cmTC_46a19 -lpthreads 
/usr/bin/ld: cannot find -lpthreads
collect2: error: ld returned 1 exit status
CMakeFiles/cmTC_46a19.dir/build.make:97: recipe for target 'cmTC_46a19' failed
make[1]: *** [cmTC_46a19] Error 1
make[1]: Leaving directory '/home/ahhmed/Videos/Projects/opm/opm-simulators/CMakeFiles/CMakeTmp'
Makefile:126: recipe for target 'cmTC_46a19/fast' failed
make: *** [cmTC_46a19/fast] Error 2


